
> portfolio-ai-assistant@0.0.0 dev
> vite


  VITE v6.4.1  ready in 278 ms

  ➜  Local:   http://localhost:5173/
  ➜  Network: http://192.168.1.158:5173/
15:27:15 [vite] (client) hmr update /App.tsx
15:27:27 [vite] (client) hmr update /components/MessageInput.tsx
15:27:29 [vite] (client) hmr update /components/MessageInput.tsx
15:27:45 [vite] (client) hmr update /App.tsx
15:27:55 [vite] (client) hmr update /App.tsx
15:27:55 [vite] (client) hmr update /components/MessageInput.tsx
15:29:16 [vite] (client) hmr update /App.tsx
15:29:17 [vite] (client) page reload index.html
15:29:17 [vite] (client) hmr update /components/icons.tsx
15:29:17 [vite] (client) hmr update /components/EmailForm.tsx
15:29:17 [vite] (client) hmr update /index.css?direct
15:29:17 [vite] (client) hmr update /components/ToolsSidebar.tsx
15:29:17 [vite] (client) hmr update /components/Message.tsx
15:29:17 [vite] (client) hmr update /components/MessageInput.tsx
15:29:42 [vite] (client) hmr update /App.tsx
15:29:54 [vite] (client) hmr update /components/MessageInput.tsx
15:30:08 [vite] (client) hmr update /App.tsx
15:30:21 [vite] (client) hmr update /App.tsx
15:30:21 [vite] (client) hmr update /components/MessageInput.tsx
15:32:32 [vite] (client) hmr update /App.tsx
15:32:40 [vite] (client) hmr update /components/TabsSidebar.tsx
15:32:49 [vite] (client) hmr update /components/TabsSidebar.tsx
15:32:53 [vite] (client) hmr update /App.tsx
15:33:05 [vite] (client) hmr update /App.tsx
15:33:05 [vite] (client) hmr update /components/TabsSidebar.tsx
15:44:45 [vite] (client) hmr update /App.tsx, /components/ToolsSidebar.tsx, /components/EmailForm.tsx
